<?xml version="1.0" encoding="UTF-8"?><testsuite name="nosetests" tests="8" errors="1" failures="0" skip="0"><testcase classname="todo.tests.TestCreateTodoItem" name="test_item_has_correct_title" time="0.036"></testcase><testcase classname="todo.tests.TestCreateTodoItem" name="test_item_was_created" time="0.007"></testcase><testcase classname="todo.tests.TestCreateTodoItem" name="test_receive_201_created_status_code" time="0.007"></testcase><testcase classname="todo.tests.TestCreateTodoItem" name="test_received_location_header_hyperlink" time="0.006"></testcase><testcase classname="todo.tests.TestDeleteTodoItem" name="test_received_204_no_content_status_code" time="0.009"></testcase><testcase classname="todo.tests.TestDeleteTodoItem" name="test_the_item_was_deleted" time="0.011"></testcase><testcase classname="todo.tests.TestUpdateTodoItem" name="test_item_was_updated" time="0.011"></testcase><testcase classname="todo.tests.TestUpdateTodoItem" name="test_receive_200_created_status_code" time="0.011"><error type="exceptions.AttributeError" message="'TestUpdateTodoItem' object has no attribute 'response'&#10;-------------------- &gt;&gt; begin captured stdout &lt;&lt; ---------------------&#10;['__call__', '__class__', '__delattr__', '__dict__', '__doc__', '__eq__', '__format__', '__getattribute__', '__hash__', '__init__', '__module__', '__ne__', '__new__', '__reduce__', '__reduce_ex__', '__repr__', '__setattr__', '__sizeof__', '__str__', '__subclasshook__', '__weakref__', '_addSkip', '_assert_contains', '_assert_raises_message_cm', '_assert_template_used', '_baseAssertEqual', '_classSetupFailed', '_cleanups', '_databases_names', '_deprecate', '_diffThreshold', '_enter_atomics', '_fixture_setup', '_fixture_teardown', '_formatMessage', '_getAssertEqualityFunc', '_modified_settings', '_overridden_settings', '_post_teardown', '_pre_setup', '_reset_sequences', '_resultForDoCleanups', '_rollback_atomics', '_should_reload_connections', '_testMethodDoc', '_testMethodName', '_truncateMessage', '_type_equality_funcs', '_urlconf_setup', '_urlconf_teardown', 'addCleanup', 'addTypeEqualityFunc', 'allow_database_queries', 'assertAlmostEqual', 'assertAlmostEquals', 'assertContains', 'assertDictContainsSubset', 'assertDictEqual', 'assertEqual', 'assertEquals', 'assertFalse', 'assertFieldOutput', 'assertFormError', 'assertFormsetError', 'assertGreater', 'assertGreaterEqual', 'assertHTMLEqual', 'assertHTMLNotEqual', 'assertIn', 'assertInHTML', 'assertIs', 'assertIsInstance', 'assertIsNone', 'assertIsNot', 'assertIsNotNone', 'assertItemsEqual', 'assertJSONEqual', 'assertJSONNotEqual', 'assertLess', 'assertLessEqual', 'assertListEqual', 'assertMultiLineEqual', 'assertNotAlmostEqual', 'assertNotAlmostEquals', 'assertNotContains', 'assertNotEqual', 'assertNotEquals', 'assertNotIn', 'assertNotIsInstance', 'assertNotRegexpMatches', 'assertNumQueries', 'assertQuerysetEqual', 'assertRaises', 'assertRaisesMessage', 'assertRaisesRegexp', 'assertRedirects', 'assertRegexpMatches', 'assertSequenceEqual', 'assertSetEqual', 'assertTemplateNotUsed', 'assertTemplateUsed', 'assertTrue', 'assertTupleEqual', 'assertXMLEqual', 'assertXMLNotEqual', 'assert_', 'atomics', 'available_apps', 'client', 'client_class', 'cls_atomics', 'countTestCases', 'debug', 'defaultTestResult', 'doCleanups', 'fail', 'failIf', 'failIfAlmostEqual', 'failIfEqual', 'failUnless', 'failUnlessAlmostEqual', 'failUnlessEqual', 'failUnlessRaises', 'failureException', 'fixtures', 'id', 'longMessage', 'maxDiff', 'modify_settings', 'reponse', 'reset_sequences', 'run', 'serialized_rollback', 'setUp', 'setUpClass', 'setUpTestData', 'settings', 'shortDescription', 'skipTest', 'tearDown', 'tearDownClass', 'test_item_was_updated', 'test_receive_200_created_status_code'] ==============================================here================================&#10;&#10;--------------------- &gt;&gt; end captured stdout &lt;&lt; ----------------------"><![CDATA[  File "/System/Library/Frameworks/Python.framework/Versions/2.7/lib/python2.7/unittest/case.py", line 331, in run
    testMethod()
  File "/Users/dejijaye/workspace/docker-project/todobackend/src/todo/tests.py", line 40, in test_receive_200_created_status_code
    self.assertEqual(self.response.status_code, status.HTTP_200_OK)
'TestUpdateTodoItem' object has no attribute 'response'
-------------------- >> begin captured stdout << ---------------------
['__call__', '__class__', '__delattr__', '__dict__', '__doc__', '__eq__', '__format__', '__getattribute__', '__hash__', '__init__', '__module__', '__ne__', '__new__', '__reduce__', '__reduce_ex__', '__repr__', '__setattr__', '__sizeof__', '__str__', '__subclasshook__', '__weakref__', '_addSkip', '_assert_contains', '_assert_raises_message_cm', '_assert_template_used', '_baseAssertEqual', '_classSetupFailed', '_cleanups', '_databases_names', '_deprecate', '_diffThreshold', '_enter_atomics', '_fixture_setup', '_fixture_teardown', '_formatMessage', '_getAssertEqualityFunc', '_modified_settings', '_overridden_settings', '_post_teardown', '_pre_setup', '_reset_sequences', '_resultForDoCleanups', '_rollback_atomics', '_should_reload_connections', '_testMethodDoc', '_testMethodName', '_truncateMessage', '_type_equality_funcs', '_urlconf_setup', '_urlconf_teardown', 'addCleanup', 'addTypeEqualityFunc', 'allow_database_queries', 'assertAlmostEqual', 'assertAlmostEquals', 'assertContains', 'assertDictContainsSubset', 'assertDictEqual', 'assertEqual', 'assertEquals', 'assertFalse', 'assertFieldOutput', 'assertFormError', 'assertFormsetError', 'assertGreater', 'assertGreaterEqual', 'assertHTMLEqual', 'assertHTMLNotEqual', 'assertIn', 'assertInHTML', 'assertIs', 'assertIsInstance', 'assertIsNone', 'assertIsNot', 'assertIsNotNone', 'assertItemsEqual', 'assertJSONEqual', 'assertJSONNotEqual', 'assertLess', 'assertLessEqual', 'assertListEqual', 'assertMultiLineEqual', 'assertNotAlmostEqual', 'assertNotAlmostEquals', 'assertNotContains', 'assertNotEqual', 'assertNotEquals', 'assertNotIn', 'assertNotIsInstance', 'assertNotRegexpMatches', 'assertNumQueries', 'assertQuerysetEqual', 'assertRaises', 'assertRaisesMessage', 'assertRaisesRegexp', 'assertRedirects', 'assertRegexpMatches', 'assertSequenceEqual', 'assertSetEqual', 'assertTemplateNotUsed', 'assertTemplateUsed', 'assertTrue', 'assertTupleEqual', 'assertXMLEqual', 'assertXMLNotEqual', 'assert_', 'atomics', 'available_apps', 'client', 'client_class', 'cls_atomics', 'countTestCases', 'debug', 'defaultTestResult', 'doCleanups', 'fail', 'failIf', 'failIfAlmostEqual', 'failIfEqual', 'failUnless', 'failUnlessAlmostEqual', 'failUnlessEqual', 'failUnlessRaises', 'failureException', 'fixtures', 'id', 'longMessage', 'maxDiff', 'modify_settings', 'reponse', 'reset_sequences', 'run', 'serialized_rollback', 'setUp', 'setUpClass', 'setUpTestData', 'settings', 'shortDescription', 'skipTest', 'tearDown', 'tearDownClass', 'test_item_was_updated', 'test_receive_200_created_status_code'] ==============================================here================================

--------------------- >> end captured stdout << ----------------------]]></error><system-out><![CDATA[['__call__', '__class__', '__delattr__', '__dict__', '__doc__', '__eq__', '__format__', '__getattribute__', '__hash__', '__init__', '__module__', '__ne__', '__new__', '__reduce__', '__reduce_ex__', '__repr__', '__setattr__', '__sizeof__', '__str__', '__subclasshook__', '__weakref__', '_addSkip', '_assert_contains', '_assert_raises_message_cm', '_assert_template_used', '_baseAssertEqual', '_classSetupFailed', '_cleanups', '_databases_names', '_deprecate', '_diffThreshold', '_enter_atomics', '_fixture_setup', '_fixture_teardown', '_formatMessage', '_getAssertEqualityFunc', '_modified_settings', '_overridden_settings', '_post_teardown', '_pre_setup', '_reset_sequences', '_resultForDoCleanups', '_rollback_atomics', '_should_reload_connections', '_testMethodDoc', '_testMethodName', '_truncateMessage', '_type_equality_funcs', '_urlconf_setup', '_urlconf_teardown', 'addCleanup', 'addTypeEqualityFunc', 'allow_database_queries', 'assertAlmostEqual', 'assertAlmostEquals', 'assertContains', 'assertDictContainsSubset', 'assertDictEqual', 'assertEqual', 'assertEquals', 'assertFalse', 'assertFieldOutput', 'assertFormError', 'assertFormsetError', 'assertGreater', 'assertGreaterEqual', 'assertHTMLEqual', 'assertHTMLNotEqual', 'assertIn', 'assertInHTML', 'assertIs', 'assertIsInstance', 'assertIsNone', 'assertIsNot', 'assertIsNotNone', 'assertItemsEqual', 'assertJSONEqual', 'assertJSONNotEqual', 'assertLess', 'assertLessEqual', 'assertListEqual', 'assertMultiLineEqual', 'assertNotAlmostEqual', 'assertNotAlmostEquals', 'assertNotContains', 'assertNotEqual', 'assertNotEquals', 'assertNotIn', 'assertNotIsInstance', 'assertNotRegexpMatches', 'assertNumQueries', 'assertQuerysetEqual', 'assertRaises', 'assertRaisesMessage', 'assertRaisesRegexp', 'assertRedirects', 'assertRegexpMatches', 'assertSequenceEqual', 'assertSetEqual', 'assertTemplateNotUsed', 'assertTemplateUsed', 'assertTrue', 'assertTupleEqual', 'assertXMLEqual', 'assertXMLNotEqual', 'assert_', 'atomics', 'available_apps', 'client', 'client_class', 'cls_atomics', 'countTestCases', 'debug', 'defaultTestResult', 'doCleanups', 'fail', 'failIf', 'failIfAlmostEqual', 'failIfEqual', 'failUnless', 'failUnlessAlmostEqual', 'failUnlessEqual', 'failUnlessRaises', 'failureException', 'fixtures', 'id', 'longMessage', 'maxDiff', 'modify_settings', 'reponse', 'reset_sequences', 'run', 'serialized_rollback', 'setUp', 'setUpClass', 'setUpTestData', 'settings', 'shortDescription', 'skipTest', 'tearDown', 'tearDownClass', 'test_item_was_updated', 'test_receive_200_created_status_code'] ==============================================here================================
]]></system-out></testcase></testsuite>